[2020-09-09T16:57:46.943] [INFO] PgService - SSL to Postgresql disabled
[2020-09-09T16:57:46.943] [INFO] PgService - connecting to Postgresql postgres://hppoc:******@127.0.0.1:5432/fabricexplorer
[2020-09-09T16:57:48.049] [INFO] SyncPlatform - Sync process is started for the network : [seller] and client : [seller]
[2020-09-09T16:57:48.051] [INFO] FabricConfig - config.client.tlsEnable  true
[2020-09-09T16:57:48.052] [INFO] FabricGateway - peer0.seller.triterras.com
[2020-09-09T16:57:48.052] [INFO] FabricGateway - /home/mwan/mwan/hyperledger_fabric_1.4/my_first_network/triterras-complete/Testing/hyperledger/my-network/crypto-config/peerOrganizations/seller.triterras.com/users/Admin@seller.triterras.com/msp/signcerts/Admin@seller.triterras.com-cert.pem  
adminPrivateKeyPath  /home/mwan/mwan/hyperledger_fabric_1.4/my_first_network/triterras-complete/Testing/hyperledger/my-network/crypto-config/peerOrganizations/seller.triterras.com/users/Admin@seller.triterras.com/msp/keystore/3f1e72a8ca69f3648c0c2b82b463c988e9b5eff459f11e83132a616d52a740f8_sk
[2020-09-09T16:57:48.052] [INFO] FabricConfig - FabricConfig, this.config.channels  mychannel
[2020-09-09T16:57:48.543] [INFO] FabricClient -  FabricClient.discover_results  endpoint  { host: 'orderer.triterras.com', port: 7050 }
[2020-09-09T16:57:48.545] [INFO] FabricClient -  FabricClient.discover_results  endpoint  { host: 'orderer2.triterras.com', port: 7050 }
[2020-09-09T16:57:48.545] [INFO] FabricClient -  FabricClient.discover_results  endpoint  { host: 'orderer3.triterras.com', port: 7050 }
[2020-09-09T16:57:48.546] [INFO] FabricClient -  FabricClient.discover_results  endpoint  { host: 'orderer4.triterras.com', port: 7050 }
[2020-09-09T16:57:48.547] [INFO] FabricClient -  FabricClient.discover_results  endpoint  { host: 'orderer5.triterras.com', port: 7050 }
[2020-09-09T16:57:48.636] [INFO] SyncServices - SyncServices.synchNetworkConfigToDB client  seller  channel_name  mychannel
[2020-09-09T16:57:48.676] [ERROR] Sync - <<<<<<<<<<<<<<<<<<<<<<<<<< Synchronizer Error >>>>>>>>>>>>>>>>>>>>>
[2020-09-09T16:57:48.676] [ERROR] Sync - Error :  [ 'Channel name [%s] already exist in DB , Kindly re-run the DB scripts to proceed',
  'mychannel' ]
[2020-09-09T16:57:48.676] [INFO] Sync - <<<<<<<<<<<<<<<<<<<<<<<<<< Closing client processor >>>>>>>>>>>>>>>>>>>>>
[2020-09-09T17:05:32.032] [INFO] PgService - SSL to Postgresql disabled
[2020-09-09T17:05:32.032] [INFO] PgService - connecting to Postgresql postgres://hppoc:******@127.0.0.1:5432/fabricexplorer
[2020-09-09T17:05:33.308] [INFO] SyncPlatform - Sync process is started for the network : [seller] and client : [seller]
[2020-09-09T17:05:33.311] [INFO] FabricConfig - config.client.tlsEnable  true
[2020-09-09T17:05:33.312] [INFO] FabricGateway - peer0.seller.triterras.com
[2020-09-09T17:05:33.312] [INFO] FabricGateway - /home/mwan/mwan/hyperledger_fabric_1.4/my_first_network/triterras-complete/Testing/hyperledger/my-network/crypto-config/peerOrganizations/seller.triterras.com/users/Admin@seller.triterras.com/msp/signcerts/Admin@seller.triterras.com-cert.pem  
adminPrivateKeyPath  /home/mwan/mwan/hyperledger_fabric_1.4/my_first_network/triterras-complete/Testing/hyperledger/my-network/crypto-config/peerOrganizations/seller.triterras.com/users/Admin@seller.triterras.com/msp/keystore/3f1e72a8ca69f3648c0c2b82b463c988e9b5eff459f11e83132a616d52a740f8_sk
[2020-09-09T17:05:33.312] [INFO] FabricConfig - FabricConfig, this.config.channels  mychannel
[2020-09-09T17:05:33.755] [INFO] FabricClient -  FabricClient.discover_results  endpoint  { host: 'orderer.triterras.com', port: 7050 }
[2020-09-09T17:05:33.757] [INFO] FabricClient -  FabricClient.discover_results  endpoint  { host: 'orderer2.triterras.com', port: 7050 }
[2020-09-09T17:05:33.758] [INFO] FabricClient -  FabricClient.discover_results  endpoint  { host: 'orderer3.triterras.com', port: 7050 }
[2020-09-09T17:05:33.758] [INFO] FabricClient -  FabricClient.discover_results  endpoint  { host: 'orderer4.triterras.com', port: 7050 }
[2020-09-09T17:05:33.759] [INFO] FabricClient -  FabricClient.discover_results  endpoint  { host: 'orderer5.triterras.com', port: 7050 }
[2020-09-09T17:05:33.828] [INFO] SyncServices - SyncServices.synchNetworkConfigToDB client  seller  channel_name  mychannel
[2020-09-09T17:05:33.857] [ERROR] Sync - <<<<<<<<<<<<<<<<<<<<<<<<<< Synchronizer Error >>>>>>>>>>>>>>>>>>>>>
[2020-09-09T17:05:33.857] [ERROR] Sync - Error :  [ 'Channel name [%s] already exist in DB , Kindly re-run the DB scripts to proceed',
  'mychannel' ]
[2020-09-09T17:05:33.858] [INFO] Sync - <<<<<<<<<<<<<<<<<<<<<<<<<< Closing client processor >>>>>>>>>>>>>>>>>>>>>
